<?xml version="1.0" encoding="UTF-8"?>
<testsuite xmlns:xsi="http://www.w3.org/2001/XMLSchema-instance" xsi:noNamespaceSchemaLocation="https://maven.apache.org/surefire/maven-surefire-plugin/xsd/surefire-test-report-3.0.xsd" version="3.0" name="org.demo.foodtruck.FoodtruckApplicationTests" time="10.445" tests="1" errors="0" skipped="0" failures="0">
  <properties>
[...]
</properties>
  <testcase name="contextLoads" classname="org.demo.foodtruck.FoodtruckApplicationTests" time="1.73">
    <system-out><![CDATA[19:53:42.350 [main] DEBUG org.springframework.test.context.BootstrapUtils - Instantiating CacheAwareContextLoaderDelegate from class [org.springframework.test.context.cache.DefaultCacheAwareContextLoaderDelegate]
19:53:42.366 [main] DEBUG org.springframework.test.context.BootstrapUtils - Instantiating BootstrapContext using constructor [public org.springframework.test.context.support.DefaultBootstrapContext(java.lang.Class,org.springframework.test.context.CacheAwareContextLoaderDelegate)]
19:53:42.510 [main] DEBUG org.springframework.test.context.BootstrapUtils - Instantiating TestContextBootstrapper for test class [org.demo.foodtruck.FoodtruckApplicationTests] from class [org.springframework.boot.test.context.SpringBootTestContextBootstrapper]
19:53:42.577 [main] INFO org.springframework.boot.test.context.SpringBootTestContextBootstrapper - Neither @ContextConfiguration nor @ContextHierarchy found for test class [org.demo.foodtruck.FoodtruckApplicationTests], using SpringBootContextLoader
19:53:42.584 [main] DEBUG org.springframework.test.context.support.AbstractContextLoader - Did not detect default resource location for test class [org.demo.foodtruck.FoodtruckApplicationTests]: class path resource [org/demo/foodtruck/FoodtruckApplicationTests-context.xml] does not exist
19:53:42.584 [main] DEBUG org.springframework.test.context.support.AbstractContextLoader - Did not detect default resource location for test class [org.demo.foodtruck.FoodtruckApplicationTests]: class path resource [org/demo/foodtruck/FoodtruckApplicationTestsContext.groovy] does not exist
19:53:42.585 [main] INFO org.springframework.test.context.support.AbstractContextLoader - Could not detect default resource locations for test class [org.demo.foodtruck.FoodtruckApplicationTests]: no resource found for suffixes {-context.xml, Context.groovy}.
19:53:42.586 [main] INFO org.springframework.test.context.support.AnnotationConfigContextLoaderUtils - Could not detect default configuration classes for test class [org.demo.foodtruck.FoodtruckApplicationTests]: FoodtruckApplicationTests does not declare any static, non-private, non-final, nested classes annotated with @Configuration.
19:53:42.737 [main] DEBUG org.springframework.test.context.support.ActiveProfilesUtils - Could not find an 'annotation declaring class' for annotation type [org.springframework.test.context.ActiveProfiles] and class [org.demo.foodtruck.FoodtruckApplicationTests]
19:53:42.927 [main] DEBUG org.springframework.context.annotation.ClassPathScanningCandidateComponentProvider - Identified candidate component class: file [E:\Project\foodtruck\target\classes\org\demo\foodtruck\FoodtruckApplication.class]
19:53:42.929 [main] INFO org.springframework.boot.test.context.SpringBootTestContextBootstrapper - Found @SpringBootConfiguration org.demo.foodtruck.FoodtruckApplication for test class org.demo.foodtruck.FoodtruckApplicationTests
19:53:43.100 [main] DEBUG org.springframework.boot.test.context.SpringBootTestContextBootstrapper - @TestExecutionListeners is not present for class [org.demo.foodtruck.FoodtruckApplicationTests]: using defaults.
19:53:43.101 [main] INFO org.springframework.boot.test.context.SpringBootTestContextBootstrapper - Loaded default TestExecutionListener class names from location [META-INF/spring.factories]: [org.springframework.boot.test.mock.mockito.MockitoTestExecutionListener, org.springframework.boot.test.mock.mockito.ResetMocksTestExecutionListener, org.springframework.boot.test.autoconfigure.restdocs.RestDocsTestExecutionListener, org.springframework.boot.test.autoconfigure.web.client.MockRestServiceServerResetTestExecutionListener, org.springframework.boot.test.autoconfigure.web.servlet.MockMvcPrintOnlyOnFailureTestExecutionListener, org.springframework.boot.test.autoconfigure.web.servlet.WebDriverTestExecutionListener, org.springframework.boot.test.autoconfigure.webservices.client.MockWebServiceServerTestExecutionListener, org.springframework.test.context.web.ServletTestExecutionListener, org.springframework.test.context.support.DirtiesContextBeforeModesTestExecutionListener, org.springframework.test.context.event.ApplicationEventsTestExecutionListener, org.springframework.test.context.support.DependencyInjectionTestExecutionListener, org.springframework.test.context.support.DirtiesContextTestExecutionListener, org.springframework.test.context.transaction.TransactionalTestExecutionListener, org.springframework.test.context.jdbc.SqlScriptsTestExecutionListener, org.springframework.test.context.event.EventPublishingTestExecutionListener]
19:53:43.176 [main] INFO org.springframework.boot.test.context.SpringBootTestContextBootstrapper - Using TestExecutionListeners: [org.springframework.test.context.web.ServletTestExecutionListener@79c7532f, org.springframework.test.context.support.DirtiesContextBeforeModesTestExecutionListener@2a448449, org.springframework.test.context.event.ApplicationEventsTestExecutionListener@32f232a5, org.springframework.boot.test.mock.mockito.MockitoTestExecutionListener@43f82e78, org.springframework.boot.test.autoconfigure.SpringBootDependencyInjectionTestExecutionListener@e54303, org.springframework.test.context.support.DirtiesContextTestExecutionListener@e8df99a, org.springframework.test.context.transaction.TransactionalTestExecutionListener@2dc995f4, org.springframework.test.context.jdbc.SqlScriptsTestExecutionListener@2f40e5db, org.springframework.test.context.event.EventPublishingTestExecutionListener@517566b, org.springframework.boot.test.mock.mockito.ResetMocksTestExecutionListener@64b73e7a, org.springframework.boot.test.autoconfigure.restdocs.RestDocsTestExecutionListener@530712d, org.springframework.boot.test.autoconfigure.web.client.MockRestServiceServerResetTestExecutionListener@2df6226d, org.springframework.boot.test.autoconfigure.web.servlet.MockMvcPrintOnlyOnFailureTestExecutionListener@12ed9db6, org.springframework.boot.test.autoconfigure.web.servlet.WebDriverTestExecutionListener@4ff4357f, org.springframework.boot.test.autoconfigure.webservices.client.MockWebServiceServerTestExecutionListener@49cb9cb5]
19:53:43.200 [main] DEBUG org.springframework.test.context.support.AbstractDirtiesContextTestExecutionListener - Before test class: context [DefaultTestContext@62727399 testClass = FoodtruckApplicationTests, testInstance = [null], testMethod = [null], testException = [null], mergedContextConfiguration = [WebMergedContextConfiguration@4d9ac0b4 testClass = FoodtruckApplicationTests, locations = '{}', classes = '{class org.demo.foodtruck.FoodtruckApplication}', contextInitializerClasses = '[]', activeProfiles = '{}', propertySourceLocations = '{}', propertySourceProperties = '{org.springframework.boot.test.context.SpringBootTestContextBootstrapper=true}', contextCustomizers = set[org.springframework.boot.test.context.filter.ExcludeFilterContextCustomizer@1033576a, org.springframework.boot.test.json.DuplicateJsonObjectContextCustomizerFactory$DuplicateJsonObjectContextCustomizer@4a003cbe, org.springframework.boot.test.mock.mockito.MockitoContextCustomizer@0, org.springframework.boot.test.web.client.TestRestTemplateContextCustomizer@25be7b63, org.springframework.boot.test.autoconfigure.actuate.metrics.MetricsExportContextCustomizerFactory$DisableMetricExportContextCustomizer@66982506, org.springframework.boot.test.autoconfigure.properties.PropertyMappingContextCustomizer@0, org.springframework.boot.test.autoconfigure.web.servlet.WebDriverContextCustomizerFactory$Customizer@3cce5371, org.springframework.boot.test.context.SpringBootTestArgs@1, org.springframework.boot.test.context.SpringBootTestWebEnvironment@3444d69d], resourceBasePath = 'src/main/webapp', contextLoader = 'org.springframework.boot.test.context.SpringBootContextLoader', parent = [null]], attributes = map['org.springframework.test.context.web.ServletTestExecutionListener.activateListener' -> true]], class annotated with @DirtiesContext [false] with mode [null].

  .   ____          _            __ _ _
 /\\ / ___'_ __ _ _(_)_ __  __ _ \ \ \ \
( ( )\___ | '_ | '_| | '_ \/ _` | \ \ \ \
 \\/  ___)| |_)| | | | | || (_| |  ) ) ) )
  '  |____| .__|_| |_|_| |_\__, | / / / /
 =========|_|==============|___/=/_/_/_/
 :: Spring Boot ::               (v2.6.13)

2024-09-02 19:53:45.216  INFO 12692 --- [           main] o.d.foodtruck.FoodtruckApplicationTests  : Starting FoodtruckApplicationTests using Java 21.0.4 on Ivy with PID 12692 (started by Lai_Ivy in E:\Project\foodtruck)
2024-09-02 19:53:45.218  INFO 12692 --- [           main] o.d.foodtruck.FoodtruckApplicationTests  : No active profile set, falling back to 1 default profile: "default"
2024-09-02 19:53:49.313  INFO 12692 --- [           main] c.a.c.sentinel.SentinelWebMvcConfigurer  : [Sentinel Starter] register SentinelWebInterceptor with urlPatterns: [/**].
2024-09-02 19:53:49.387  INFO 12692 --- [           main] o.s.b.a.w.s.WelcomePageHandlerMapping    : Adding welcome page: class path resource [static/index.html]
2024-09-02 19:53:50.703  INFO 12692 --- [           main] o.d.foodtruck.FoodtruckApplicationTests  : Started FoodtruckApplicationTests in 7.421 seconds (JVM running for 10.326)
]]></system-out>
  </testcase>
</testsuite>